<?xml version="1.0" encoding="UTF-8"?>
<testsuite name="Module 2"
           tests="3"
           failures="0"
           errors="0"
           skipped="0"
           time="0.019">
  <properties />
  
  
            <testcase name="ClassThreeTest3" time="0.019" classname="ReportGenerationPractice.ClassThree" />
                <testcase name="ClassThreeTest1" time="0.000" classname="ReportGenerationPractice.ClassThree" />
                <testcase name="ClassThreeTest2" time="0.000" classname="ReportGenerationPractice.ClassThree" />
      
</testsuite>
